# JRE version: Java(TM) SE Runtime Environment (8.0_361) (build 1.8.0_361-b09)
# Java VM: Java HotSpot(TM) 64-Bit Server VM (25.361-b09 mixed mode windows-amd64 compressed oops)
Heap:
 PSYoungGen      total 6656K, used 3778K [0x00000000eb700000, 0x00000000eca00000, 0x0000000100000000)
  eden space 6144K, 61% used [0x00000000eb700000,0x00000000ebab0a10,0x00000000ebd00000)
  from space 512K, 0% used [0x00000000ebd00000,0x00000000ebd00000,0x00000000ebd80000)
  to   space 3584K, 0% used [0x00000000ec680000,0x00000000ec680000,0x00000000eca00000)
 ParOldGen       total 5632K, used 5022K [0x00000000c2400000, 0x00000000c2980000, 0x00000000eb700000)
  object space 5632K, 89% used [0x00000000c2400000,0x00000000c28e7998,0x00000000c2980000)
 Metaspace       used 7197K, capacity 8084K, committed 8448K, reserved 1056768K
  class space    used 876K, capacity 912K, committed 1024K, reserved 1048576K
GC Heap History (10 events):
Event: 0.301 GC heap before
{Heap before GC invocations=2 (full 0):
 PSYoungGen      total 2048K, used 1954K [0x00000000eb700000, 0x00000000ebb00000, 0x0000000100000000)
  eden space 1536K, 94% used [0x00000000eb700000,0x00000000eb86c9f8,0x00000000eb880000)
  from space 512K, 96% used [0x00000000eb880000,0x00000000eb8fc010,0x00000000eb900000)
  to   space 512K, 0% used [0x00000000eba80000,0x00000000eba80000,0x00000000ebb00000)
 ParOldGen       total 5632K, used 64K [0x00000000c2400000, 0x00000000c2980000, 0x00000000eb700000)
  object space 5632K, 1% used [0x00000000c2400000,0x00000000c2410000,0x00000000c2980000)
 Metaspace       used 3900K, capacity 5324K, committed 5504K, reserved 1056768K
  class space    used 462K, capacity 520K, committed 640K, reserved 1048576K
Event: 0.302 GC heap after
Heap after GC invocations=2 (full 0):
 PSYoungGen      total 3584K, used 496K [0x00000000eb700000, 0x00000000ebb00000, 0x0000000100000000)
  eden space 3072K, 0% used [0x00000000eb700000,0x00000000eb700000,0x00000000eba00000)
  from space 512K, 96% used [0x00000000eba80000,0x00000000ebafc020,0x00000000ebb00000)
  to   space 512K, 0% used [0x00000000eba00000,0x00000000eba00000,0x00000000eba80000)
 ParOldGen       total 5632K, used 192K [0x00000000c2400000, 0x00000000c2980000, 0x00000000eb700000)
  object space 5632K, 3% used [0x00000000c2400000,0x00000000c2430000,0x00000000c2980000)
 Metaspace       used 3900K, capacity 5324K, committed 5504K, reserved 1056768K
  class space    used 462K, capacity 520K, committed 640K, reserved 1048576K
}
Event: 0.404 GC heap before
{Heap before GC invocations=3 (full 0):
 PSYoungGen      total 3584K, used 3568K [0x00000000eb700000, 0x00000000ebb00000, 0x0000000100000000)
  eden space 3072K, 100% used [0x00000000eb700000,0x00000000eba00000,0x00000000eba00000)
  from space 512K, 96% used [0x00000000eba80000,0x00000000ebafc020,0x00000000ebb00000)
  to   space 512K, 0% used [0x00000000eba00000,0x00000000eba00000,0x00000000eba80000)
 ParOldGen       total 5632K, used 192K [0x00000000c2400000, 0x00000000c2980000, 0x00000000eb700000)
  object space 5632K, 3% used [0x00000000c2400000,0x00000000c2430000,0x00000000c2980000)
 Metaspace       used 4934K, capacity 6284K, committed 6656K, reserved 1056768K
  class space    used 600K, capacity 648K, committed 768K, reserved 1048576K
Event: 0.406 GC heap after
Heap after GC invocations=3 (full 0):
 PSYoungGen      total 3584K, used 512K [0x00000000eb700000, 0x00000000ebe00000, 0x0000000100000000)
  eden space 3072K, 0% used [0x00000000eb700000,0x00000000eb700000,0x00000000eba00000)
  from space 512K, 100% used [0x00000000eba00000,0x00000000eba80000,0x00000000eba80000)
  to   space 512K, 0% used [0x00000000ebd80000,0x00000000ebd80000,0x00000000ebe00000)
 ParOldGen       total 5632K, used 592K [0x00000000c2400000, 0x00000000c2980000, 0x00000000eb700000)
  object space 5632K, 10% used [0x00000000c2400000,0x00000000c2494020,0x00000000c2980000)
 Metaspace       used 4934K, capacity 6284K, committed 6656K, reserved 1056768K
  class space    used 600K, capacity 648K, committed 768K, reserved 1048576K
}
Event: 0.517 GC heap before
{Heap before GC invocations=4 (full 0):
 PSYoungGen      total 3584K, used 3533K [0x00000000eb700000, 0x00000000ebe00000, 0x0000000100000000)
  eden space 3072K, 98% used [0x00000000eb700000,0x00000000eb9f3720,0x00000000eba00000)
  from space 512K, 100% used [0x00000000eba00000,0x00000000eba80000,0x00000000eba80000)
  to   space 512K, 0% used [0x00000000ebd80000,0x00000000ebd80000,0x00000000ebe00000)
 ParOldGen       total 5632K, used 592K [0x00000000c2400000, 0x00000000c2980000, 0x00000000eb700000)
  object space 5632K, 10% used [0x00000000c2400000,0x00000000c2494020,0x00000000c2980000)
 Metaspace       used 5992K, capacity 7244K, committed 7552K, reserved 1056768K
  class space    used 748K, capacity 776K, committed 896K, reserved 1048576K
Event: 0.518 GC heap after
Heap after GC invocations=4 (full 0):
 PSYoungGen      total 6656K, used 496K [0x00000000eb700000, 0x00000000ebe00000, 0x0000000100000000)
  eden space 6144K, 0% used [0x00000000eb700000,0x00000000eb700000,0x00000000ebd00000)
  from space 512K, 96% used [0x00000000ebd80000,0x00000000ebdfc010,0x00000000ebe00000)
  to   space 512K, 0% used [0x00000000ebd00000,0x00000000ebd00000,0x00000000ebd80000)
 ParOldGen       total 5632K, used 947K [0x00000000c2400000, 0x00000000c2980000, 0x00000000eb700000)
  object space 5632K, 16% used [0x00000000c2400000,0x00000000c24ecf48,0x00000000c2980000)
 Metaspace       used 5992K, capacity 7244K, committed 7552K, reserved 1056768K
  class space    used 748K, capacity 776K, committed 896K, reserved 1048576K
}
Event: 0.659 GC heap before
{Heap before GC invocations=5 (full 0):
 PSYoungGen      total 6656K, used 6640K [0x00000000eb700000, 0x00000000ebe00000, 0x0000000100000000)
  eden space 6144K, 100% used [0x00000000eb700000,0x00000000ebd00000,0x00000000ebd00000)
  from space 512K, 96% used [0x00000000ebd80000,0x00000000ebdfc010,0x00000000ebe00000)
  to   space 512K, 0% used [0x00000000ebd00000,0x00000000ebd00000,0x00000000ebd80000)
 ParOldGen       total 5632K, used 947K [0x00000000c2400000, 0x00000000c2980000, 0x00000000eb700000)
  object space 5632K, 16% used [0x00000000c2400000,0x00000000c24ecf48,0x00000000c2980000)
 Metaspace       used 7176K, capacity 8084K, committed 8448K, reserved 1056768K
  class space    used 875K, capacity 912K, committed 1024K, reserved 1048576K
Event: 0.670 GC heap after
Heap after GC invocations=5 (full 0):
 PSYoungGen      total 6656K, used 496K [0x00000000eb700000, 0x00000000eca00000, 0x0000000100000000)
  eden space 6144K, 0% used [0x00000000eb700000,0x00000000eb700000,0x00000000ebd00000)
  from space 512K, 96% used [0x00000000ebd00000,0x00000000ebd7c010,0x00000000ebd80000)
  to   space 3584K, 0% used [0x00000000ec680000,0x00000000ec680000,0x00000000eca00000)
 ParOldGen       total 5632K, used 4735K [0x00000000c2400000, 0x00000000c2980000, 0x00000000eb700000)
  object space 5632K, 84% used [0x00000000c2400000,0x00000000c289fc30,0x00000000c2980000)
 Metaspace       used 7176K, capacity 8084K, committed 8448K, reserved 1056768K
  class space    used 875K, capacity 912K, committed 1024K, reserved 1048576K
}
Event: 0.670 GC heap before
{Heap before GC invocations=6 (full 1):
 PSYoungGen      total 6656K, used 496K [0x00000000eb700000, 0x00000000eca00000, 0x0000000100000000)
  eden space 6144K, 0% used [0x00000000eb700000,0x00000000eb700000,0x00000000ebd00000)
  from space 512K, 96% used [0x00000000ebd00000,0x00000000ebd7c010,0x00000000ebd80000)
  to   space 3584K, 0% used [0x00000000ec680000,0x00000000ec680000,0x00000000eca00000)
 ParOldGen       total 5632K, used 4735K [0x00000000c2400000, 0x00000000c2980000, 0x00000000eb700000)
  object space 5632K, 84% used [0x00000000c2400000,0x00000000c289fc30,0x00000000c2980000)
 Metaspace       used 7176K, capacity 8084K, committed 8448K, reserved 1056768K
  class space    used 875K, capacity 912K, committed 1024K, reserved 1048576K
Event: 0.706 GC heap after
Heap after GC invocations=6 (full 1):
 PSYoungGen      total 6656K, used 0K [0x00000000eb700000, 0x00000000eca00000, 0x0000000100000000)
  eden space 6144K, 0% used [0x00000000eb700000,0x00000000eb700000,0x00000000ebd00000)
  from space 512K, 0% used [0x00000000ebd00000,0x00000000ebd00000,0x00000000ebd80000)
  to   space 3584K, 0% used [0x00000000ec680000,0x00000000ec680000,0x00000000eca00000)
 ParOldGen       total 5632K, used 5022K [0x00000000c2400000, 0x00000000c2980000, 0x00000000eb700000)
  object space 5632K, 89% used [0x00000000c2400000,0x00000000c28e7998,0x00000000c2980000)
 Metaspace       used 7176K, capacity 8084K, committed 8448K, reserved 1056768K
  class space    used 875K, capacity 912K, committed 1024K, reserved 1048576K
}

