# JRE version: OpenJDK Runtime Environment Temurin-17.0.6+10 (17.0.6+10) (build 17.0.6+10)
# Java VM: OpenJDK 64-Bit Server VM Temurin-17.0.6+10 (17.0.6+10, mixed mode, tiered, compressed oops, compressed class ptrs, parallel gc, windows-amd64)
GC Precious Log:
 CPUs: 8 total, 8 available
 Memory: 3947M
 Large Page Support: Disabled
 NUMA Support: Disabled
 Compressed Oops: Enabled (32-bit)
 Alignments: Space 512K, Generation 512K, Heap 2M
 Heap Min Capacity: 100M
 Heap Initial Capacity: 100M
 Heap Max Capacity: 1G
 Pre-touch: Disabled
 Parallel Workers: 8
Heap:
 PSYoungGen      total 18944K, used 14471K [0x00000000eab00000, 0x00000000ecf00000, 0x0000000100000000)
  eden space 14848K, 70% used [0x00000000eab00000,0x00000000eb527388,0x00000000eb980000)
  from space 4096K, 99% used [0x00000000ec200000,0x00000000ec5fab60,0x00000000ec600000)
  to   space 8704K, 0% used [0x00000000eb980000,0x00000000eb980000,0x00000000ec200000)
 ParOldGen       total 68608K, used 32871K [0x00000000c0000000, 0x00000000c4300000, 0x00000000eab00000)
  object space 68608K, 47% used [0x00000000c0000000,0x00000000c2019da0,0x00000000c4300000)
 Metaspace       used 54493K, committed 55424K, reserved 1105920K
  class space    used 5774K, committed 6208K, reserved 1048576K
GC Heap History (20 events):
Event: 26.255 GC heap before
{Heap before GC invocations=13 (full 2):
 PSYoungGen      total 24576K, used 24544K [0x00000000eab00000, 0x00000000ec600000, 0x0000000100000000)
  eden space 23040K, 100% used [0x00000000eab00000,0x00000000ec180000,0x00000000ec180000)
  from space 1536K, 97% used [0x00000000ec480000,0x00000000ec5f8218,0x00000000ec600000)
  to   space 2048K, 0% used [0x00000000ec200000,0x00000000ec200000,0x00000000ec400000)
 ParOldGen       total 68608K, used 11854K [0x00000000c0000000, 0x00000000c4300000, 0x00000000eab00000)
  object space 68608K, 17% used [0x00000000c0000000,0x00000000c0b938e0,0x00000000c4300000)
 Metaspace       used 41376K, committed 42176K, reserved 1089536K
  class space    used 4371K, committed 4736K, reserved 1048576K
}
Event: 26.258 GC heap after
{Heap after GC invocations=13 (full 2):
 PSYoungGen      total 24064K, used 1276K [0x00000000eab00000, 0x00000000ec500000, 0x0000000100000000)
  eden space 22528K, 0% used [0x00000000eab00000,0x00000000eab00000,0x00000000ec100000)
  from space 1536K, 83% used [0x00000000ec200000,0x00000000ec33f0f0,0x00000000ec380000)
  to   space 1536K, 0% used [0x00000000ec380000,0x00000000ec380000,0x00000000ec500000)
 ParOldGen       total 68608K, used 13218K [0x00000000c0000000, 0x00000000c4300000, 0x00000000eab00000)
  object space 68608K, 19% used [0x00000000c0000000,0x00000000c0ce8a30,0x00000000c4300000)
 Metaspace       used 41376K, committed 42176K, reserved 1089536K
  class space    used 4371K, committed 4736K, reserved 1048576K
}
Event: 30.813 GC heap before
{Heap before GC invocations=14 (full 2):
 PSYoungGen      total 24064K, used 23804K [0x00000000eab00000, 0x00000000ec500000, 0x0000000100000000)
  eden space 22528K, 100% used [0x00000000eab00000,0x00000000ec100000,0x00000000ec100000)
  from space 1536K, 83% used [0x00000000ec200000,0x00000000ec33f0f0,0x00000000ec380000)
  to   space 1536K, 0% used [0x00000000ec380000,0x00000000ec380000,0x00000000ec500000)
 ParOldGen       total 68608K, used 13218K [0x00000000c0000000, 0x00000000c4300000, 0x00000000eab00000)
  object space 68608K, 19% used [0x00000000c0000000,0x00000000c0ce8a30,0x00000000c4300000)
 Metaspace       used 44344K, committed 45120K, reserved 1089536K
  class space    used 4764K, committed 5120K, reserved 1048576K
}
Event: 30.843 GC heap after
{Heap after GC invocations=14 (full 2):
 PSYoungGen      total 23552K, used 1443K [0x00000000eab00000, 0x00000000ec500000, 0x0000000100000000)
  eden space 22016K, 0% used [0x00000000eab00000,0x00000000eab00000,0x00000000ec080000)
  from space 1536K, 93% used [0x00000000ec380000,0x00000000ec4e8ed0,0x00000000ec500000)
  to   space 1536K, 0% used [0x00000000ec200000,0x00000000ec200000,0x00000000ec380000)
 ParOldGen       total 68608K, used 14316K [0x00000000c0000000, 0x00000000c4300000, 0x00000000eab00000)
  object space 68608K, 20% used [0x00000000c0000000,0x00000000c0dfb0d0,0x00000000c4300000)
 Metaspace       used 44344K, committed 45120K, reserved 1089536K
  class space    used 4764K, committed 5120K, reserved 1048576K
}
Event: 31.583 GC heap before
{Heap before GC invocations=15 (full 2):
 PSYoungGen      total 23552K, used 23459K [0x00000000eab00000, 0x00000000ec500000, 0x0000000100000000)
  eden space 22016K, 100% used [0x00000000eab00000,0x00000000ec080000,0x00000000ec080000)
  from space 1536K, 93% used [0x00000000ec380000,0x00000000ec4e8ed0,0x00000000ec500000)
  to   space 1536K, 0% used [0x00000000ec200000,0x00000000ec200000,0x00000000ec380000)
 ParOldGen       total 68608K, used 14316K [0x00000000c0000000, 0x00000000c4300000, 0x00000000eab00000)
  object space 68608K, 20% used [0x00000000c0000000,0x00000000c0dfb0d0,0x00000000c4300000)
 Metaspace       used 45821K, committed 46592K, reserved 1097728K
  class space    used 4947K, committed 5248K, reserved 1048576K
}
Event: 31.588 GC heap after
{Heap after GC invocations=15 (full 2):
 PSYoungGen      total 23552K, used 1511K [0x00000000eab00000, 0x00000000ecd80000, 0x0000000100000000)
  eden space 22016K, 0% used [0x00000000eab00000,0x00000000eab00000,0x00000000ec080000)
  from space 1536K, 98% used [0x00000000ec200000,0x00000000ec379ce8,0x00000000ec380000)
  to   space 6656K, 0% used [0x00000000ec700000,0x00000000ec700000,0x00000000ecd80000)
 ParOldGen       total 68608K, used 18344K [0x00000000c0000000, 0x00000000c4300000, 0x00000000eab00000)
  object space 68608K, 26% used [0x00000000c0000000,0x00000000c11ea360,0x00000000c4300000)
 Metaspace       used 45821K, committed 46592K, reserved 1097728K
  class space    used 4947K, committed 5248K, reserved 1048576K
}
Event: 32.637 GC heap before
{Heap before GC invocations=16 (full 2):
 PSYoungGen      total 23552K, used 23527K [0x00000000eab00000, 0x00000000ecd80000, 0x0000000100000000)
  eden space 22016K, 100% used [0x00000000eab00000,0x00000000ec080000,0x00000000ec080000)
  from space 1536K, 98% used [0x00000000ec200000,0x00000000ec379ce8,0x00000000ec380000)
  to   space 6656K, 0% used [0x00000000ec700000,0x00000000ec700000,0x00000000ecd80000)
 ParOldGen       total 68608K, used 18344K [0x00000000c0000000, 0x00000000c4300000, 0x00000000eab00000)
  object space 68608K, 26% used [0x00000000c0000000,0x00000000c11ea360,0x00000000c4300000)
 Metaspace       used 47194K, committed 48064K, reserved 1097728K
  class space    used 5061K, committed 5440K, reserved 1048576K
}
Event: 32.643 GC heap after
{Heap after GC invocations=16 (full 2):
 PSYoungGen      total 25600K, used 3402K [0x00000000eab00000, 0x00000000eca80000, 0x0000000100000000)
  eden space 22016K, 0% used [0x00000000eab00000,0x00000000eab00000,0x00000000ec080000)
  from space 3584K, 94% used [0x00000000ec700000,0x00000000eca52980,0x00000000eca80000)
  to   space 4608K, 0% used [0x00000000ec180000,0x00000000ec180000,0x00000000ec600000)
 ParOldGen       total 68608K, used 19840K [0x00000000c0000000, 0x00000000c4300000, 0x00000000eab00000)
  object space 68608K, 28% used [0x00000000c0000000,0x00000000c1360360,0x00000000c4300000)
 Metaspace       used 47194K, committed 48064K, reserved 1097728K
  class space    used 5061K, committed 5440K, reserved 1048576K
}
Event: 33.971 GC heap before
{Heap before GC invocations=17 (full 2):
 PSYoungGen      total 25600K, used 25374K [0x00000000eab00000, 0x00000000eca80000, 0x0000000100000000)
  eden space 22016K, 99% used [0x00000000eab00000,0x00000000ec074ef0,0x00000000ec080000)
  from space 3584K, 94% used [0x00000000ec700000,0x00000000eca52980,0x00000000eca80000)
  to   space 4608K, 0% used [0x00000000ec180000,0x00000000ec180000,0x00000000ec600000)
 ParOldGen       total 68608K, used 19840K [0x00000000c0000000, 0x00000000c4300000, 0x00000000eab00000)
  object space 68608K, 28% used [0x00000000c0000000,0x00000000c1360360,0x00000000c4300000)
 Metaspace       used 49102K, committed 49984K, reserved 1097728K
  class space    used 5301K, committed 5696K, reserved 1048576K
}
Event: 33.975 GC heap after
{Heap after GC invocations=17 (full 2):
 PSYoungGen      total 23040K, used 776K [0x00000000eab00000, 0x00000000ec780000, 0x0000000100000000)
  eden space 22016K, 0% used [0x00000000eab00000,0x00000000eab00000,0x00000000ec080000)
  from space 1024K, 75% used [0x00000000ec180000,0x00000000ec242208,0x00000000ec280000)
  to   space 2048K, 0% used [0x00000000ec580000,0x00000000ec580000,0x00000000ec780000)
 ParOldGen       total 68608K, used 22833K [0x00000000c0000000, 0x00000000c4300000, 0x00000000eab00000)
  object space 68608K, 33% used [0x00000000c0000000,0x00000000c164c4e0,0x00000000c4300000)
 Metaspace       used 49102K, committed 49984K, reserved 1097728K
  class space    used 5301K, committed 5696K, reserved 1048576K
}
Event: 34.739 GC heap before
{Heap before GC invocations=18 (full 2):
 PSYoungGen      total 23040K, used 22792K [0x00000000eab00000, 0x00000000ec780000, 0x0000000100000000)
  eden space 22016K, 100% used [0x00000000eab00000,0x00000000ec080000,0x00000000ec080000)
  from space 1024K, 75% used [0x00000000ec180000,0x00000000ec242208,0x00000000ec280000)
  to   space 2048K, 0% used [0x00000000ec580000,0x00000000ec580000,0x00000000ec780000)
 ParOldGen       total 68608K, used 22833K [0x00000000c0000000, 0x00000000c4300000, 0x00000000eab00000)
  object space 68608K, 33% used [0x00000000c0000000,0x00000000c164c4e0,0x00000000c4300000)
 Metaspace       used 50461K, committed 51328K, reserved 1097728K
  class space    used 5396K, committed 5760K, reserved 1048576K
}
Event: 34.741 GC heap after
{Heap after GC invocations=18 (full 2):
 PSYoungGen      total 23552K, used 1501K [0x00000000eab00000, 0x00000000ec700000, 0x0000000100000000)
  eden space 22016K, 0% used [0x00000000eab00000,0x00000000eab00000,0x00000000ec080000)
  from space 1536K, 97% used [0x00000000ec580000,0x00000000ec6f74d8,0x00000000ec700000)
  to   space 2048K, 0% used [0x00000000ec300000,0x00000000ec300000,0x00000000ec500000)
 ParOldGen       total 68608K, used 23458K [0x00000000c0000000, 0x00000000c4300000, 0x00000000eab00000)
  object space 68608K, 34% used [0x00000000c0000000,0x00000000c16e89e8,0x00000000c4300000)
 Metaspace       used 50461K, committed 51328K, reserved 1097728K
  class space    used 5396K, committed 5760K, reserved 1048576K
}
Event: 35.029 GC heap before
{Heap before GC invocations=19 (full 2):
 PSYoungGen      total 23552K, used 23517K [0x00000000eab00000, 0x00000000ec700000, 0x0000000100000000)
  eden space 22016K, 100% used [0x00000000eab00000,0x00000000ec080000,0x00000000ec080000)
  from space 1536K, 97% used [0x00000000ec580000,0x00000000ec6f74d8,0x00000000ec700000)
  to   space 2048K, 0% used [0x00000000ec300000,0x00000000ec300000,0x00000000ec500000)
 ParOldGen       total 68608K, used 23458K [0x00000000c0000000, 0x00000000c4300000, 0x00000000eab00000)
  object space 68608K, 34% used [0x00000000c0000000,0x00000000c16e89e8,0x00000000c4300000)
 Metaspace       used 50487K, committed 51328K, reserved 1097728K
  class space    used 5396K, committed 5760K, reserved 1048576K
}
Event: 35.031 GC heap after
{Heap after GC invocations=19 (full 2):
 PSYoungGen      total 23040K, used 750K [0x00000000eab00000, 0x00000000ec600000, 0x0000000100000000)
  eden space 22016K, 0% used [0x00000000eab00000,0x00000000eab00000,0x00000000ec080000)
  from space 1024K, 73% used [0x00000000ec300000,0x00000000ec3bbb08,0x00000000ec400000)
  to   space 1536K, 0% used [0x00000000ec480000,0x00000000ec480000,0x00000000ec600000)
 ParOldGen       total 68608K, used 24147K [0x00000000c0000000, 0x00000000c4300000, 0x00000000eab00000)
  object space 68608K, 35% used [0x00000000c0000000,0x00000000c1794c28,0x00000000c4300000)
 Metaspace       used 50487K, committed 51328K, reserved 1097728K
  class space    used 5396K, committed 5760K, reserved 1048576K
}
Event: 36.598 GC heap before
{Heap before GC invocations=20 (full 2):
 PSYoungGen      total 23040K, used 22766K [0x00000000eab00000, 0x00000000ec600000, 0x0000000100000000)
  eden space 22016K, 100% used [0x00000000eab00000,0x00000000ec080000,0x00000000ec080000)
  from space 1024K, 73% used [0x00000000ec300000,0x00000000ec3bbb08,0x00000000ec400000)
  to   space 1536K, 0% used [0x00000000ec480000,0x00000000ec480000,0x00000000ec600000)
 ParOldGen       total 68608K, used 24147K [0x00000000c0000000, 0x00000000c4300000, 0x00000000eab00000)
  object space 68608K, 35% used [0x00000000c0000000,0x00000000c1794c28,0x00000000c4300000)
 Metaspace       used 52014K, committed 52928K, reserved 1097728K
  class space    used 5544K, committed 5952K, reserved 1048576K
}
Event: 36.602 GC heap after
{Heap after GC invocations=20 (full 2):
 PSYoungGen      total 20992K, used 1522K [0x00000000eab00000, 0x00000000ecd80000, 0x0000000100000000)
  eden space 19456K, 0% used [0x00000000eab00000,0x00000000eab00000,0x00000000ebe00000)
  from space 1536K, 99% used [0x00000000ec480000,0x00000000ec5fc9e8,0x00000000ec600000)
  to   space 6656K, 0% used [0x00000000ebe00000,0x00000000ebe00000,0x00000000ec480000)
 ParOldGen       total 68608K, used 28074K [0x00000000c0000000, 0x00000000c4300000, 0x00000000eab00000)
  object space 68608K, 40% used [0x00000000c0000000,0x00000000c1b6aa48,0x00000000c4300000)
 Metaspace       used 52014K, committed 52928K, reserved 1097728K
  class space    used 5544K, committed 5952K, reserved 1048576K
}
Event: 37.098 GC heap before
{Heap before GC invocations=21 (full 2):
 PSYoungGen      total 20992K, used 20978K [0x00000000eab00000, 0x00000000ecd80000, 0x0000000100000000)
  eden space 19456K, 100% used [0x00000000eab00000,0x00000000ebe00000,0x00000000ebe00000)
  from space 1536K, 99% used [0x00000000ec480000,0x00000000ec5fc9e8,0x00000000ec600000)
  to   space 6656K, 0% used [0x00000000ebe00000,0x00000000ebe00000,0x00000000ec480000)
 ParOldGen       total 68608K, used 28074K [0x00000000c0000000, 0x00000000c4300000, 0x00000000eab00000)
  object space 68608K, 40% used [0x00000000c0000000,0x00000000c1b6aa48,0x00000000c4300000)
 Metaspace       used 52836K, committed 53696K, reserved 1097728K
  class space    used 5614K, committed 6016K, reserved 1048576K
}
Event: 37.103 GC heap after
{Heap after GC invocations=21 (full 2):
 PSYoungGen      total 23040K, used 3225K [0x00000000eab00000, 0x00000000ec600000, 0x0000000100000000)
  eden space 19456K, 0% used [0x00000000eab00000,0x00000000eab00000,0x00000000ebe00000)
  from space 3584K, 89% used [0x00000000ebe00000,0x00000000ec126470,0x00000000ec180000)
  to   space 4096K, 0% used [0x00000000ec200000,0x00000000ec200000,0x00000000ec600000)
 ParOldGen       total 68608K, used 29321K [0x00000000c0000000, 0x00000000c4300000, 0x00000000eab00000)
  object space 68608K, 42% used [0x00000000c0000000,0x00000000c1ca2658,0x00000000c4300000)
 Metaspace       used 52836K, committed 53696K, reserved 1097728K
  class space    used 5614K, committed 6016K, reserved 1048576K
}
Event: 37.655 GC heap before
{Heap before GC invocations=22 (full 2):
 PSYoungGen      total 23040K, used 22681K [0x00000000eab00000, 0x00000000ec600000, 0x0000000100000000)
  eden space 19456K, 100% used [0x00000000eab00000,0x00000000ebe00000,0x00000000ebe00000)
  from space 3584K, 89% used [0x00000000ebe00000,0x00000000ec126470,0x00000000ec180000)
  to   space 4096K, 0% used [0x00000000ec200000,0x00000000ec200000,0x00000000ec600000)
 ParOldGen       total 68608K, used 29321K [0x00000000c0000000, 0x00000000c4300000, 0x00000000eab00000)
  object space 68608K, 42% used [0x00000000c0000000,0x00000000c1ca2658,0x00000000c4300000)
 Metaspace       used 53545K, committed 54400K, reserved 1097728K
  class space    used 5685K, committed 6080K, reserved 1048576K
}
Event: 37.663 GC heap after
{Heap after GC invocations=22 (full 2):
 PSYoungGen      total 18944K, used 4074K [0x00000000eab00000, 0x00000000ecf00000, 0x0000000100000000)
  eden space 14848K, 0% used [0x00000000eab00000,0x00000000eab00000,0x00000000eb980000)
  from space 4096K, 99% used [0x00000000ec200000,0x00000000ec5fab60,0x00000000ec600000)
  to   space 8704K, 0% used [0x00000000eb980000,0x00000000eb980000,0x00000000ec200000)
 ParOldGen       total 68608K, used 32871K [0x00000000c0000000, 0x00000000c4300000, 0x00000000eab00000)
  object space 68608K, 47% used [0x00000000c0000000,0x00000000c2019da0,0x00000000c4300000)
 Metaspace       used 53545K, committed 54400K, reserved 1097728K
  class space    used 5685K, committed 6080K, reserved 1048576K
}

